MPLAB XC16 ASSEMBLY Listing:  smps_control_library_vAugust_05_2016/src/smps_3p3z_dspic.s 			page 1


   1              	;;;;;;;;;;;;;;;;;;;;;;;;;;;;;;;;;;;;;;;;;;;;;;;;;;;;;;;;;;;;;;;;;;;;;;;;;;;;;;;;;;;;;;;;;;;
   2              	; (c) 2013 Microchip Technology Inc.
   3              	;
   4              	; MICROCHIP SOFTWARE NOTICE AND DISCLAIMER:  You may use this software, and any
   5              	; derivatives created by any person or entity by or on your behalf, exclusively with
   6              	; Microchip?s products.  Microchip and its licensors retain all ownership and intellectual
   7              	; property rights in the accompanying software and in all derivatives here to.
   8              	;
   9              	; This software and any accompanying information is for suggestion only.  It does not
  10              	; modify Microchip?s standard warranty for its products.  You agree that you are solely
  11              	; responsible for testing the software and determining its suitability.  Microchip has
  12              	; no obligation to modify, test, certify, or support the software.
  13              	;
  14              	; THIS SOFTWARE IS SUPPLIED BY MICROCHIP "AS IS".  NO WARRANTIES, WHETHER EXPRESS, IMPLIED
  15              	; OR STATUTORY, INCLUDING, BUT NOT LIMITED TO, IMPLIED WARRANTIES OF NON-INFRINGEMENT,
  16              	; MERCHANTABILITY, AND FITNESS FOR A PARTICULAR PURPOSE APPLY TO THIS SOFTWARE, ITS INTERACTION
  17              	; WITH MICROCHIP?S PRODUCTS, COMBINATION WITH ANY OTHER PRODUCTS, OR USE IN ANY APPLICATION.
  18              	;
  19              	; IN NO EVENT, WILL MICROCHIP BE LIABLE, WHETHER IN CONTRACT, WARRANTY, TORT
  20              	; (INCLUDING NEGLIGENCE OR BREACH OF STATUTORY DUTY), STRICT LIABILITY, INDEMNITY,
  21              	; CONTRIBUTION, OR OTHERWISE, FOR ANY INDIRECT, SPECIAL, PUNITIVE, EXEMPLARY, INCIDENTAL
  22              	; OR CONSEQUENTIAL LOSS, DAMAGE, FOR COST OR EXPENSE OF ANY KIND WHATSOEVER RELATED TO THE
  23              	; SOFTWARE, HOWSOEVER CAUSED, EVEN IF MICROCHIP HAS BEEN ADVISED OF THE POSSIBILITY OR
  24              	; THE DAMAGES ARE FORESEEABLE.  TO THE FULLEST EXTENT ALLOWABLE BY LAW, MICROCHIP'S TOTAL
  25              	; LIABILITY ON ALL CLAIMS IN ANY WAY RELATED TO THIS SOFTWARE WILL NOT EXCEED THE AMOUNT OF FEES,
  26              	; IF ANY, THAT YOU HAVE PAID DIRECTLY TO MICROCHIP FOR THIS SOFTWARE.
  27              	;
  28              	; MICROCHIP PROVIDES THIS SOFTWARE CONDITIONALLY UPON YOUR ACCEPTANCE OF THESE TERMS.
  29              	;
  30              	;;;;;;;;;;;;;;;;;;;;;;;;;;;;;;;;;;;;;;;;;;;;;;;;;;;;;;;;;;;;;;;;;;;;;;;;;;;;;;;;;;;;;;;;;;;
  31              	
  32              	
  33              	; Local inclusions.
  35              		.list
  36              	
  37              	; Define data structure address offsets
  38              	    .equ    offsetACoefficients, 	0
  39              		.equ    offsetBCoefficients, 	2
  40              		.equ    offsetControlHistory,	4
  41              		.equ	offsetErrorHistory, 	6
  42              		.equ	offsetPreShift,			8
  43              		.equ	offsetPostShift,        10
  44              		.equ	offsetPostScaler, 		12
  45              		.equ	offsetMinOutput,        14
  46              		.equ	offsetMaxOutput,        16
  47              	
  48              	
  49              	;;;;;;;;;;;;;;;;;;;;;;;;;;;;;;;;;;;;;;;;;;;;;;;;;;;;;;;;;;;;;;;;;;;;;;;;;;;;;
  50              	
  51              	;        .section .libdsp, code		; use this section type when used as hidden library file
  52              	        .section .text				; use this section type for debugging
  53              	
  54              	;;;;;;;;;;;;;;;;;;;;;;;;;;;;;;;;;;;;;;;;;;;;;;;;;;;;;;;;;;;;;;;;;;;;;;;;;;;;;
  55              	;
  56              	; _SMPS_Controller3P3ZUpdate:
  57              	; Prototype:
  58              	;   void SMPS_Controller3P3ZUpdate(SMPS_3P3Z_T* controllerData,
MPLAB XC16 ASSEMBLY Listing:  smps_control_library_vAugust_05_2016/src/smps_3p3z_dspic.s 			page 2


  59              	;                                  volatile uint16_t* controllerInputRegister,
  60              	;	                               int16_t reference,
  61              	;                                  volatile uint16_t* controllerOutputRegister);
  62              	;
  63              	; Operation:
  64              	;                                          Wcp0   ( S + Wcz1 )( S + Wcz2 )
  65              	;  Calculate the transfer function Hc(s) = ---- X ------------------------
  66              	;                                           S     ( S + Wcp1 )( S + Wcp2 )
  67              	;    Error Normalization
  68              	;      ------------
  69              	;     |   prsft    |
  70              	;      ------------
  71              	;Reference   |       e(n)          e(n-1)        e(n-2)        e(n-3)
  72              	;Input       |             --------      --------      --------
  73              	;        -   -   -        |        |    |        |    |        |
  74              	;  o----|-|-|x|-|x|----o->| z^(-1) |-o->| z^(-1) |-o->| z^(-1) |--o       Post
  75              	;        -   -   -     |  |        | |  |        | |  |        |  |      Scaling
  76              	;        |      NORM   |   --------  |   --------  |   --------   |
  77              	;        |             |             |             |              |       --------
  78              	;Measured|            ---           ---           ---            ---     |        |   - - - - - - -
  79              	;Input   |       B0=>| X |     B1=>| X |     B2=>| X |      B3=>| X |    |posft   |  |             
  80              	;        |            ---           ---           ---            ---     |postScalar |     P O W E 
  81              	;        |             |             |             |              |       --------   |     P L A N 
  82              	;        |            ----------------------------------------------        |        |             
  83              	;        |           |                                              | U[n] ---       |             
  84              	;        |           |            A C C U M U L A T O R             |--o--| X |------O Duty Ratio=>
  85              	;        |           |                                              |  |   ---       |             
  86              	;        |            ----------------------------------------------   |             |   Voltage/Cu
  87              	;        |             |              |             |                  |             |      Feedbac
  88              	;        |            ---            ---           ---                 |             |         O   
  89              	;        |       A3=>| X |      A2=>| X |     A1=>| X |                |             |         |   
  90              	;        |            ---            ---           ---                 |              - - - - - - -
  91              	;        |             |              |             |                  |                       |
  92              	;        |             |   --------   |  --------   |  --------        |                       | A/
  93              	;        |             |  |        |  | |        |  | |        |       |                       | In
  94              	;        |             o--| z^(-1) |<-o-| z^(-1) |<-o-| z^(-1) |-------                        |
  95              	;        |                |        |    |        |    |        |                               |
  96              	;        |                 --------      --------      --------                                |
  97              	;        |                  u[n-3]        u[n-2]        u[n-1]                                 |
  98              	;        |                                                                                     |
  99              	;        |                                                                                     |
 100              	;         -------------------------------------------------------------------------------------
 101              	;
 102              	;
 103              	;   controlHistory[n] =
 104              	;					(	errorHistory[n]   * bCoefficients[0]
 105              	;                     + errorHistory[n-1] * bCoefficients[1]
 106              	;                     + errorHistory[n-2] * bCoefficients[2]
 107              	;                     + errorHistory[n-3] * bCoefficients[3]
 108              	;                     + controlHistory[n-1] * aCoefficients[0]
 109              	;                     + controlHistory[n-2] * aCoefficients[1]
 110              	;                     + controlHistory[n-3] * aCoefficients[2]
 111              	;					)
 112              	;					  
 113              	;
 114              	;  where:
 115              	;
MPLAB XC16 ASSEMBLY Listing:  smps_control_library_vAugust_05_2016/src/smps_3p3z_dspic.s 			page 3


 116              	;   aCoefficients[0]  = A1
 117              	;   aCoefficients[1]  = A2
 118              	;   aCoefficients[2]  = A3
 119              	;   bCoefficients[0]  = B0
 120              	;   bCoefficients[1]  = B1
 121              	;   bCoefficients[2]  = B2
 122              	;   bCoefficients[3]  = B3
 123              	;   controlHistory[0] = u(n)
 124              	;   controlHistory[1] = u(n-1)
 125              	;   controlHistory[2] = u(n-2)
 126              	;   errorHistory[0]   = e(n)	=> most recent error {(Reference) - (inputSource)}
 127              	;   errorHistory[1]   = e(n-1)
 128              	;   errorHistory[2]   = e(n-2)
 129              	;   errorHistory[3]   = e(n-3)
 130              	;   preShift          = prsft	=> pre scaling factor for Q15 normalization purposes
 131              	;   postShift         = posft	=> post scaling factor for normalization purposes
 132              	;   postScaler        = postScaler => post scaling coefficient for normalization purpose
 133              	;
 134              	;   Function call inputs:
 135              	;   sourceRegister    = ADBUFx  => measured feedback input   
 136              	;   controlReference  = v_ref	=> reference voltage
 137              	;   targetRegister = PDCx => output duty cycle
 138              	;
 139              	;  where:
 140              	;
 141              	;   aCoefficients, bCoefficients, controlHistory, errorHistory, 
 142              	;   preShift and postShift are all members of the data structure SMPS_3P3Z_T.
 143              	;
 144              	; Input:
 145              	;       w0 = Address of SMPS_3P3Z_T data structure
 146              	;       w1 = Address of the Source Register (Input)
 147              	;       w2 = Control Reference
 148              	;       w3 = Address of the Target Register (Output)
 149              	; Return:
 150              	;       w0 = Address of SMPS_3P3Z_T data structure
 151              	;       w1 = Address of the Source Register (Input)
 152              	;       w2 = Control Reference
 153              	;       w3 = Address of the Target Register (Output)
 154              	;
 155              	; System resources usage:
 156              	;       {w4..w5}		saved, used, restored
 157              	;       {w8,w10}		saved, used, restored
 158              	;        AccA			used, not restored
 159              	;        CORCON			saved, used, restored
 160              	;
 161              	; Note
 162              	;  This function requires CORCON register to be setup in a certain state
 163              	;  in order to operate correctly. Due to this requirement, this function
 164              	;  will save the CORCON register on the stack in the beginning of the
 165              	;  function and restore it before the function return.
 166              	;  After saving the CORCON register, this function writes to all bits of
 167              	;  the CORCON register. Thus, for the brief duration when this function is
 168              	;  executing, the state of CORCON register may be different from its state
 169              	;  as set by the function caller. This may change the CPU core behaviour with
 170              	;  respect to exception processing latency, DO loop termination, CPU interrupt
 171              	;  priority level and DSP-engine behaviour.
 172              	;............................................................................
MPLAB XC16 ASSEMBLY Listing:  smps_control_library_vAugust_05_2016/src/smps_3p3z_dspic.s 			page 4


 173              	
 174              	       .global _SMPS_Controller3P3ZUpdate                    ; provide global scope to routine
 175              	_SMPS_Controller3P3ZUpdate:
 176              	
 177              	        ; Save working registers.
 178 000000  84 1F 78 	        push	w4						; Save register W4
 179 000002  85 1F 78 	        push	w5						; Save register W5
 180 000004  88 1F 78 	        push    w8						; Save register W8
 181 000006  8A 1F 78 	        push    w10						; Save register W10
 182 000008  00 00 F8 	        push    CORCON                  ; Save CORCON as it will be modified for fractional computa
 183              	
 184              	        ; Set up DSP core for signed fractional operation, saturation on accumulator A
 185              	        ; and for write-back instructions from ACCx to WREGx,
 186              	        ; accumulator saturation mode is 1.31
 187              	
 188 00000a  44 0E 20 	        mov  #0x00E4, w4
 189 00000c  04 00 88 	        mov  w4, _CORCON
 190              	
 191              			; Initialize source input, reference, error history and normalization variables
 192              	
 193 00000e  30 05 90 	        mov [w0 + #offsetErrorHistory], w10			; w10 = Base Address of _ErrorHistory array  (e[n], e
 194 000010  40 04 90 	        mov [w0 + #offsetPreShift], w8				; Load error amplifier normalization bit-shift step
 195              	
 196              			; Update the error history
 197              	
 198 000012  AA 02 90 			mov     [w10 + #4], w5						; W5 = ErrorHistory[n-2]
 199 000014  35 05 98 			mov     w5, [w10 + #6]						; ErrorHistory[n-3] = W5
 200 000016  9A 02 90 			mov     [w10 + #2], w5						; W5 = ErrorHistory[n-1]
 201 000018  25 05 98 			mov     w5, [w10 + #4]						; ErrorHistory[n-2] = W5
 202 00001a  8A 02 90 			mov     [w10 + #0], w5						; W5 = ErrorHistory[n]
 203 00001c  15 05 98 			mov     w5, [w10 + #2] 						; ErrorHistory[n-1] = W5
 204              	
 205              			; Calculate most recent error with normalization,
 206              	
 207 00001e  91 02 51 			sub w2, [w1], w5                   			; w5 = Reference - inputSource
 208 000020  88 2A DD 			sl	w5, w8, w5								; shift error by PRE_SHIFT bit to the left (Q15 scaling)
 209              	
 210              			; Store most recent error to error history array
 211 000022  05 0D 78 			mov 	w5, [w10]							; controller3P3Z.errorHistory[n] = w5
 212              	
 213              			; Initialize B coefficients array
 214              	
 215 000024  10 04 90 	        mov [w0 + #offsetBCoefficients], w8			; w8  = Base Address of _BCoefficients array (B0, B1,
 216              	
 217              	        ; Calculate first section of 2P2Z controller -> Error History
 218 000026  46 04 C3 	        clr     a, [w8]+=2, w4, [w10]+=2, w5            ; ACCA = EMPTY
 219              	        												; w4   = B0, w5   = e[0]
 220 000028  46 04 C0 	        mac     w4*w5, a, [w8]+=2, w4, [w10]+=2, w5     ; ACCA = B0 * e[n]
 221              	                                                        ; w4   = B1, w5 = e[n-1]
 222 00002a  46 04 C0 	        mac     w4*w5, a, [w8]+=2, w4, [w10]+=2, w5     ; ACCA = B0 * e[n] + B1 * e[n-1]
 223              	                                                        ; w4   = B2, w5 = e[n-2]
 224 00002c  46 04 C0 	        mac     w4*w5, a, [w8]+=2, w4, [w10]+=2, w5		; ACCA = B0 * e[n] + B1 * e[n-1] + B2 * e[n-2]
 225              	                                                        ; w4   = B3, w5 = e[n-3]
 226 00002e  12 01 C0 	        mac     w4*w5, a								; ACCA = B0 * e[n] + B1 * e[n-1] + B2 * e[n-2] + B3 * e[n-3]
 227              	
 228              	
 229              			; Initialize A coefficients and control history arrays
MPLAB XC16 ASSEMBLY Listing:  smps_control_library_vAugust_05_2016/src/smps_3p3z_dspic.s 			page 5


 230              	
 231 000030  00 04 90 			mov 	[w0 + #offsetACoefficients],  w8		; w8  = Base Address of _ACoefficients array  (A1, A2, A3)
 232 000032  20 05 90 			mov 	[w0 + #offsetControlHistory], w10		; w10 = Base Address of _ControlHistory array (y[n-1], y[
 233              	
 234              	
 235              	        ; Calculate second section of 2P2Z controller - Controller History
 236 000034  46 04 C7 			movsac	a, [w8]+=2, w4, [w10]+=2, w5			; w4  = A1, w5 = y[n-1]
 237 000036  46 04 C0 			mac     w4*w5, a, [w8]+=2, w4, [w10]+=2, w5     ; ACCA = A1 * y[n-1] + B0 * e[n] + B1 * e[n-1] + 
 238              	                                                        ; w4   = A2, w5 = y[n-2]
 239 000038  02 04 C0 			mac     w4*w5, a, [w8], w4, [w10], w5           ; ACCA = A1 * y[n-1] + A2 * y[n-2] + B0 * e[n] + 
 240              	                                                        ; w4   = A3, w5 = y[n-3]
 241 00003a  12 01 C0 			mac     w4*w5, a								; ACCA = A1 * y[n-1] + A2 * y[n-2] + A3 * y[n-3] + B0 * e[n] + B1 * e[n-1
 242              	
 243              			; Backwards normalization & write back
 244 00003c  D0 02 90 			mov		[w0 + #offsetPostShift], w5				; w5 = Normalization Shift to compensate coefficient scaling
 245 00003e  05 00 C8 			sftac	a, w5									; Backward normalization to compensate coefficient scaling
 246 000040  04 00 CD 	        sac.r   a, #0, w4                               ; w4 = Sat(Rnd(ACCAH))
 247              	
 248              	        ; Initialize Scale-factor and multiply
 249 000042  E0 02 90 			mov 	[w0 + #offsetPostScaler],  w5			; w5 = postScaler
 250 000044  13 01 C0 	        mpy		w4*w5, a								; Multiply control output and scale-factor
 251 000046  04 00 CD 			sac.r   a, w4                               	; w4 = Sat(Rnd(ACCAH))
 252              	
 253              			; Update the controller output history on the delay line
 254              	
 255 000048  FA BA 97 			mov     [w10 + #-2], w5			; W5 = ControlHistory[n-2]
 256 00004a  05 0D 78 			mov     w5, [w10]               ; ControlHistory[n-3] = W5
 257 00004c  EA BA 97 			mov     [w10 + #-4], w5			; W5 = ControlHistory[n-1]
 258 00004e  75 BD 9F 	        mov     w5, [w10 + #-2]			; ControlHistory[n-2] = W5
 259 000050  64 BD 9F 	        mov     w4, [w10 + #-4]			; ControlHistory[n]   = w2
 260              	
 261              			; Clamp controller output to min/max values if needed
 262 000052  F0 02 90 	        mov 	[w0 + #offsetMinOutput], w5
 263 000054  15 20 E6 			cpsgt	w4, w5
 264 000056  05 02 78 	        mov.w   w5, w4
 265 000058  80 0A 90 	        mov 	[w0 + #offsetMaxOutput], w5
 266 00005a  15 A0 E6 			cpslt	w4, w5
 267 00005c  05 02 78 	        mov.w   w5, w4
 268              	
 269              			; Controller write back into target register
 270 00005e  84 09 78 			mov w4, [w3]							; write result into target register
 271              	
 272              			; restore registers
 273              	
 274 000060  00 00 F9 	        pop     CORCON                  ; restore CORCON.
 275 000062  4F 05 78 	        pop     w10                     ; restore working register W10
 276 000064  4F 04 78 	        pop     w8						; restore working register W8
 277 000066  CF 02 78 	        pop     w5						; restore working register W5
 278 000068  4F 02 78 	        pop     w4						; restore working register W4
 279              	
 280              	
 281 00006a  00 00 06 	        return
 282              	
 283              	;;;;;;;;;;;;;;;;;;;;;;;;;;;;;;;;;;;;;;;;;;;;;;;;;;;;;;;;;;;;;;;;;;;;;;;;;;;;;
 284              	
 285              	;;;;;;;;;;;;;;;;;;;;;;;;;;;;;;;;;;;;;;;;;;;;;;;;;;;;;;;;;;;;;;;;;;;;;;;;;;;;;
 286              	; _SMPS_Controller3P3ZInitialize:
MPLAB XC16 ASSEMBLY Listing:  smps_control_library_vAugust_05_2016/src/smps_3p3z_dspic.s 			page 6


 287              	;
 288              	; Prototype:
 289              	; void SMPS_Controller3P3ZInitialize ( SMPS_3P3Z_T *controller3P3ZStruct )
 290              	;
 291              	; Operation: This routine clears the delay line elements in the arrays
 292              	;            _ControlHistory and _ErrorHistory.
 293              	;
 294              	; Input:
 295              	;       w0 = Address of data structure SMPS_3P3Z_T (type defined in smps_control.h)
 296              	;
 297              	; Return:
 298              	;       (void)
 299              	;
 300              	; System resources usage:
 301              	;       w0      saved, used, restored
 302              	;
 303              	;............................................................................
 304              	
 305              		.global _SMPS_Controller3P3ZInitialize                ; provide global scope to routine
 306              	
 307              	_SMPS_Controller3P3ZInitialize:
 308              	
 309              			; Clean up controlHistory variables
 310 00006c  80 1F 78 	        push	w0									; Save w0
 311 00006e  20 00 90 	        mov     [w0 + #offsetControlHistory], w0	; Set up pointer to the base of
 312              			                                        	; controlHistory variables within SMPS_3P3Z_T
 313 000070  00 18 EB 	        clr     [w0++]                  	; ControlHistory[n-1] = 0
 314 000072  00 18 EB 	        clr     [w0++]                  	; ControlHistory[n-2] = 0
 315 000074  00 08 EB 	        clr     [w0]                    	; ControlHistory[n-3] = 0
 316 000076  4F 00 78 			pop		w0							; Restore pointer to base of SMPS_3P3Z_T
 317              	
 318              	        ; Clean up errorHistory variables
 319 000078  80 1F 78 	        push	w0							; Save w0
 320 00007a  30 00 90 	        mov [w0 + #offsetErrorHistory], w0	; w0 = Address of _ErrorHistory array (e[n], e[n-1], e[n
 321              	
 322 00007c  00 18 EB 	        clr     [w0++]                  	; ErrorHistory[n]   = 0
 323 00007e  00 18 EB 	        clr     [w0++]                 		; ErrorHistory[n-1] = 0
 324 000080  00 18 EB 	        clr     [w0++]                  	; ErrorHistory[n-2] = 0
 325 000082  00 08 EB 	        clr     [w0]                    	; ErrorHistory[n-3] = 0
 326 000084  4F 00 78 	        pop     w0							; Restore pointer to base of SMPS_3P3Z_T
 327              	
 328 000086  00 00 06 	        return
 329              	
 330              	
 331              	;;;;;;;;;;;;;;;;;;;;;;;;;;;;;;;;;;;;;;;;;;;;;;;;;;;;;;;;;;;;;;;;;;;;;;;;;;;;;
 332              	
 333              	        .end
MPLAB XC16 ASSEMBLY Listing:  smps_control_library_vAugust_05_2016/src/smps_3p3z_dspic.s 			page 7


DEFINED SYMBOLS
                            *ABS*:00000001 __MPLAB_DEBUGGER_PK3
                            *ABS*:00000001 __DEBUG
                            *ABS*:00000001 __MPLAB_DEBUG
                            *ABS*:00000001 __ICD2RAM
                            *ABS*:00000001 __MPLAB_BUILD
                            *ABS*:00000001 __33EP256MC204
                            *ABS*:00000001 __dsPIC33E
                            *ABS*:00000001 ÿÿ33EP256MC204
                            *ABS*:00000001 __HAS_DSP
                            *ABS*:00000001 __HAS_DMAV2
                            *ABS*:00000001 __HAS_CODEGUARD
                            *ABS*:00000001 __HAS_EDS
                            *ABS*:00000001 __HAS_EP
                            *ABS*:00000011 __TARGET_DIVIDE_CYCLES
                            *ABS*:00000001 __C30ELF
smps_control_library_vAugust_05_2016/src/smps_3p3z_dspic.s:38     *ABS*:00000000 offsetACoefficients
smps_control_library_vAugust_05_2016/src/smps_3p3z_dspic.s:39     *ABS*:00000002 offsetBCoefficients
smps_control_library_vAugust_05_2016/src/smps_3p3z_dspic.s:40     *ABS*:00000004 offsetControlHistory
smps_control_library_vAugust_05_2016/src/smps_3p3z_dspic.s:41     *ABS*:00000006 offsetErrorHistory
smps_control_library_vAugust_05_2016/src/smps_3p3z_dspic.s:42     *ABS*:00000008 offsetPreShift
smps_control_library_vAugust_05_2016/src/smps_3p3z_dspic.s:43     *ABS*:0000000a offsetPostShift
smps_control_library_vAugust_05_2016/src/smps_3p3z_dspic.s:44     *ABS*:0000000c offsetPostScaler
smps_control_library_vAugust_05_2016/src/smps_3p3z_dspic.s:45     *ABS*:0000000e offsetMinOutput
smps_control_library_vAugust_05_2016/src/smps_3p3z_dspic.s:46     *ABS*:00000010 offsetMaxOutput
smps_control_library_vAugust_05_2016/src/smps_3p3z_dspic.s:175    .text:00000000 _SMPS_Controller3P3ZUpdate
smps_control_library_vAugust_05_2016/src/smps_3p3z_dspic.s:307    .text:0000006c _SMPS_Controller3P3ZInitialize
smps_control_library_vAugust_05_2016/src/smps_3p3z_dspic.s:178    .text:00000000 .L0
                            .text:00000000 .L0
smps_control_library_vAugust_05_2016/src/smps_3p3z_dspic.s:333    .text:00000088 .L0

UNDEFINED SYMBOLS
CORCON
_CORCON

EQUATE SYMBOLS
            __MPLAB_DEBUGGER_PK3 = 0x1
                         __DEBUG = 0x1
                   __MPLAB_DEBUG = 0x1
                       __ICD2RAM = 0x1
                   __MPLAB_BUILD = 0x1
                  __33EP256MC204 = 0x1
                      __dsPIC33E = 0x1
                  ÿÿ33EP256MC204 = 0x1
                       __HAS_DSP = 0x1
                     __HAS_DMAV2 = 0x1
                 __HAS_CODEGUARD = 0x1
                       __HAS_EDS = 0x1
                        __HAS_EP = 0x1
          __TARGET_DIVIDE_CYCLES = 0x11
                        __C30ELF = 0x1
             offsetACoefficients = 0x0
             offsetBCoefficients = 0x2
            offsetControlHistory = 0x4
              offsetErrorHistory = 0x6
                  offsetPreShift = 0x8
                 offsetPostShift = 0xa
                offsetPostScaler = 0xc
                 offsetMinOutput = 0xe
                 offsetMaxOutput = 0x10

SECTION INFORMATION:

Section        Length (PC units)   Length (bytes) (dec)
-------        -----------------   --------------------
.text                       0x88            0xcc  (204)

TOTAL PROGRAM MEMORY USED (bytes):          0xcc  (204)

Section           Alignment Gaps   Length (bytes) (dec)
-------           --------------   --------------------
.data                          0               0  (0)
.bss                           0               0  (0)

   TOTAL DATA MEMORY USED (bytes):             0  (0)
